17:39:51.668 [main] INFO  practiceApiAuto.test.dashboard.ChangeChartStatus - *****Login Test Completed*****
17:39:51.670 [main] INFO  practiceApiAuto.test.dashboard.ChangeChartStatus - eyJlbmMiOiJBMTI4Q0JDLUhTMjU2IiwiYWxnIjoiZGlyIn0..aZi2oY7Hmo1Mtn_QXtFJ7Q.udB5LxRyufXyAtILhBz84EyN8iNYbY9cgw0wf8-hkUmQoJfhrVjufbJtD-KurqV8HqTjbcHmCSV1xHj9PSzPcAoN3265tJPpH3bu6QCiS2o.4z27vm_KYt03GX2-BiHjMA
17:43:14.634 [main] INFO  practiceApiAuto.test.dashboard.ChangeChartStatus - *****Login Test Started*****
17:43:15.715 [main] INFO  practiceApiAuto.test.dashboard.ChangeChartStatus - *****Login Test Completed*****
17:43:15.715 [main] INFO  practiceApiAuto.test.dashboard.ChangeChartStatus - eyJlbmMiOiJBMTI4Q0JDLUhTMjU2IiwiYWxnIjoiZGlyIn0..rb1SfXsVzW3uBVOnEClHYA.Ri3yNz8XjegEmYLuKwgS3VvBLxoSNcW4ah_DUL2P11i2VgqwotOx0UaqB5fdkX9V-0aWUimO6ugePyL-ykPtdUVThkDF_TJcN0r8NxTO1yg.GJn8Qx98BagVit3RJSqVNg
17:47:07.706 [main] INFO  practiceApiAuto.test.dashboard.ChangeChartStatus - *****Login Test Started*****
17:47:08.805 [main] INFO  practiceApiAuto.test.dashboard.ChangeChartStatus - *****Login Test Completed*****
17:47:08.805 [main] INFO  practiceApiAuto.test.dashboard.ChangeChartStatus - eyJlbmMiOiJBMTI4Q0JDLUhTMjU2IiwiYWxnIjoiZGlyIn0..BEtkR_Wc3FLmjwr0Mndj-Q.DNCdKVeZ9rv8S4v1Xzku4UEz9bZKyYk9KvZwqEWQrRO5YqkiJrBIABE-j7DBecCtHzwEE_au-zZhMS6P6vClXEFRtxE6Irze20w1oiR6Un4.z1eT-qAUYmFMtGLonEWWbg
17:59:43.218 [main] INFO  practiceApiAuto.test.dashboard.ChangeChartStatus - *****Login Test Started*****
17:59:44.287 [main] INFO  practiceApiAuto.test.dashboard.ChangeChartStatus - *****Login Test Completed*****
17:59:44.287 [main] INFO  practiceApiAuto.test.dashboard.ChangeChartStatus - eyJlbmMiOiJBMTI4Q0JDLUhTMjU2IiwiYWxnIjoiZGlyIn0..8zMpUVnFYGWt6QGpqfeYww.NH-8qrpHeSzQ5VCmyYtj_ajpWpr51DIfo8uwz4v2EO9qHk6LexKhMioob9b--D3aWuDl_BGN6Tk5uwElZpCeBr5twa_jKL7bxdXOi6xUpbE.NUOWl_5eVOxgWzNdFxnmJg
18:07:00.189 [main] INFO  practiceApiAuto.test.dashboard.ChangeChartStatus - *****Login Test Started*****
18:07:01.261 [main] INFO  practiceApiAuto.test.dashboard.ChangeChartStatus - *****Login Test Completed*****
18:07:01.261 [main] INFO  practiceApiAuto.test.dashboard.ChangeChartStatus - eyJlbmMiOiJBMTI4Q0JDLUhTMjU2IiwiYWxnIjoiZGlyIn0..ZeGcdTNcT-8N7xyCMHRaBg.0xZbZMkH_WZIFeiOwBeSgrTAYjbKjYIdk3fln_B5FyZeuTXCC4wc7LRBuK7Webz6KAN2OB2giSinGzj1JpoOgHCqPQE962aKb_xiVCfsQiM.lohWlUtAnx-4enAyiBFH-A
18:23:27.971 [main] INFO  practiceApiAuto.test.dashboard.ChangeChartStatus - *****Login Test Started*****
18:23:29.137 [main] INFO  practiceApiAuto.test.dashboard.ChangeChartStatus - *****Login Test Completed*****
18:23:29.137 [main] INFO  practiceApiAuto.test.dashboard.ChangeChartStatus - eyJlbmMiOiJBMTI4Q0JDLUhTMjU2IiwiYWxnIjoiZGlyIn0..eZfywEZ8d3uTzIA2nEOjTA.s-6ZmCTmrDnZItc09HMDo5_5nE1QGh-Vr3cwol77RKenM_nqDvCQ6_-PEVLDqzEL6Q-_D3hofiX5eEF5IG3YB5v-ZVAEXLnz9y0oR4sxdZM._TxQL9v-mIFsBETPZOkr1A
18:40:16.320 [main] INFO  practiceApiAuto.test.dashboard.ChangeChartStatus - *****Login Test Started*****
18:40:17.487 [main] INFO  practiceApiAuto.test.dashboard.ChangeChartStatus - *****Login Test Completed*****
18:40:17.487 [main] INFO  practiceApiAuto.test.dashboard.ChangeChartStatus - eyJlbmMiOiJBMTI4Q0JDLUhTMjU2IiwiYWxnIjoiZGlyIn0..l3a6dfKVjaOAGHL7jMKH9g.l7CVP_8BZw2jOBIk_HO8AfrvyfX6r4o-KWoA8-b8Yv8UWyu8JIHUwIUNsEGaMjgQx6B_JQSzTi1A5YBRNkXt1Le0fLoXm_XTe6IWsV0p5d8.B4f4_af8Idq9Y2OaLBUUqw
18:42:15.357 [main] INFO  practiceApiAuto.test.charts.ChartTest_TopTrendingThreats - *****Login Test Started*****
18:42:16.471 [main] INFO  practiceApiAuto.test.charts.ChartTest_TopTrendingThreats - *****Login Test Completed*****
18:42:16.471 [main] INFO  practiceApiAuto.test.charts.ChartTest_TopTrendingThreats - eyJlbmMiOiJBMTI4Q0JDLUhTMjU2IiwiYWxnIjoiZGlyIn0..18fFcU31HDdltN6yXKxl0w.F9Tb_tV3216hhjZ__YNpEXrFVW3S2AEQcabXTBhPodGP5STJJl0rA_K3jPBGmjbyPZIp56zLQi8mpJTItuNo3lP65P5bV-7GqYdozOpQ9_U.ynKbufc2LNTRCnGCHs5eYQ
18:45:09.147 [main] INFO  practiceApiAuto.test.dashboard.ChangeChartStatus - *****Login Test Started*****
18:45:10.299 [main] INFO  practiceApiAuto.test.dashboard.ChangeChartStatus - *****Login Test Completed*****
18:45:10.299 [main] INFO  practiceApiAuto.test.dashboard.ChangeChartStatus - eyJlbmMiOiJBMTI4Q0JDLUhTMjU2IiwiYWxnIjoiZGlyIn0..VK_SCcUtl8ZF2yDHdOEtlQ.gPw0p_P2aIOCPQy1X8fEC_QPV0u2RtjNlq-BVdaQIiR6gyHH5XNbL8Sf8JSrbosljzqhIi04Tn05XzXvAkzlFR0K-b2nhGaSHk9IfVGjAyY.qtn54GJO--5LS2NpNGV70w
18:49:34.471 [main] INFO  practiceApiAuto.test.charts.ChartTest_FileStats - *****Login Test Started*****
18:49:35.642 [main] INFO  practiceApiAuto.test.charts.ChartTest_FileStats - *****Login Test Completed*****
18:49:35.642 [main] INFO  practiceApiAuto.test.charts.ChartTest_FileStats - eyJlbmMiOiJBMTI4Q0JDLUhTMjU2IiwiYWxnIjoiZGlyIn0..JLfV2lt71MacZ3tKxpoaWA.08X8NXRoVcKA7i0TvLcuArhY2hSmy5_KD266eGg4sWsVhHkZTqEGJWK2fQhk8U_6fTLcTGAZZjCObBVloreYZEYHQfQw_Cfo4vHkAjM-_zM.Ac3jDBTvvkQpX5DjxdCQRw
18:51:35.403 [main] INFO  practiceApiAuto.test.dashboard.ChangeChartStatus - *****Login Test Started*****
18:51:36.526 [main] INFO  practiceApiAuto.test.dashboard.ChangeChartStatus - *****Login Test Completed*****
18:51:36.526 [main] INFO  practiceApiAuto.test.dashboard.ChangeChartStatus - eyJlbmMiOiJBMTI4Q0JDLUhTMjU2IiwiYWxnIjoiZGlyIn0..XBa2xxsBmZB6OdBuHKtSgg.EW0KI3xFcFJaR_M5CD_eSHpZtEde0ds1prN9HBfmKWqMKdTSkcOBNZRXvQi_aR7zNkT2j1j3O2h6V5Olvn4SwVc5rW6V3z_5tkZf1zw-8ek.aF6x-806MyQYzIUJ24H37w
18:52:59.047 [main] INFO  practiceApiAuto.test.dashboard.ChangeChartStatus - *****Login Test Started*****
18:53:00.133 [main] INFO  practiceApiAuto.test.dashboard.ChangeChartStatus - *****Login Test Completed*****
18:53:00.134 [main] INFO  practiceApiAuto.test.dashboard.ChangeChartStatus - eyJlbmMiOiJBMTI4Q0JDLUhTMjU2IiwiYWxnIjoiZGlyIn0..IuSrtR0whBwCmYLmrfnbwg.dSm26_gWiy9Q0mAYWa6HxPNwNCVPSX0vqONE6vVL95dq_J0z4S0_9zPbG1D2RJMjrCELU3N0OpcQHt-X0Z3xHM9iCTXeVLNHoNs2GqI4Hw0.XiYyV4hTZzTGjQdMsDdWmQ
18:59:18.509 [main] INFO  practiceApiAuto.test.dashboard.ChangeChartStatus - *****Login Test Started*****
18:59:19.661 [main] INFO  practiceApiAuto.test.dashboard.ChangeChartStatus - *****Login Test Completed*****
18:59:19.661 [main] INFO  practiceApiAuto.test.dashboard.ChangeChartStatus - eyJlbmMiOiJBMTI4Q0JDLUhTMjU2IiwiYWxnIjoiZGlyIn0..S8E9f0ubEZLwN2RWIw_LCA.sgDEjYc2udqRCdin30O7M3hLd0UFb57kyLbP1bpbd6E4T75mSWNWlQSJqqUz5gpJhC4X8hxvP8uXu6g67WylthFsoPZSBhtd476l_-Q9Cyw.Wmt8xmRUX5lwiLSZWKeyKQ
19:00:49.507 [main] INFO  practiceApiAuto.test.dashboard.ChangeChartStatus - *****Login Test Started*****
19:00:50.626 [main] INFO  practiceApiAuto.test.dashboard.ChangeChartStatus - *****Login Test Completed*****
19:00:50.626 [main] INFO  practiceApiAuto.test.dashboard.ChangeChartStatus - eyJlbmMiOiJBMTI4Q0JDLUhTMjU2IiwiYWxnIjoiZGlyIn0..0uRkr2SX2v-oGQoCdNYuGg.CXDvlfvYthrSQvCH43xLDgHgtrhYgYj51DZ1ZU9EFhpqL12ydsBKiNa6Cs1purhCbFUKk59knF30dAJrhsSEAKz3KLkFNonGrKq04-8JAEo.cN5sq0fpAReXFmxdQJ_DrA
19:01:52.464 [main] INFO  practiceApiAuto.test.dashboard.ChangeChartStatus - *****Login Test Started*****
19:01:53.638 [main] INFO  practiceApiAuto.test.dashboard.ChangeChartStatus - *****Login Test Completed*****
19:01:53.638 [main] INFO  practiceApiAuto.test.dashboard.ChangeChartStatus - eyJlbmMiOiJBMTI4Q0JDLUhTMjU2IiwiYWxnIjoiZGlyIn0..yZAlZhccmNJ8iRJgTMTaMA.YIngjQX8V1VZb8SlwWEdqbBwW5eaqFM2CF12d3Sadj-Q0oSKCJIrHUfwuuM-THFZ0DM72L8bsu9pfUlUmCm1sWOewFlX28mJj30oxQF0vQM.pusmkgBLLYjV6r76OMPoAw
11:55:23.032 [main] INFO  practiceApiAuto.test.dashboard.ChangeChartStatus - *****Login Test Started*****
11:55:24.238 [main] INFO  practiceApiAuto.test.dashboard.ChangeChartStatus - *****Login Test Completed*****
11:55:24.238 [main] INFO  practiceApiAuto.test.dashboard.ChangeChartStatus - eyJlbmMiOiJBMTI4Q0JDLUhTMjU2IiwiYWxnIjoiZGlyIn0..IJ9cBT9VJH_9wMTFQmWvkQ.PqAdfPN7IoJBvMY-e071ecn2t-cnkZ9raoHIZIyjNoCH39aENMuCTriCA_gb8JfKzocBIAc9w7IK61vzOf38XOoEaU9lX5LcYsgd_pk58VU.amx3pYQO-whKNr1FLO3LZw
11:55:36.698 [main] INFO  practiceApiAuto.test.dashboard.ChangeChartStatus - *****Login Test Started*****
11:55:37.925 [main] INFO  practiceApiAuto.test.dashboard.ChangeChartStatus - *****Login Test Completed*****
11:55:37.925 [main] INFO  practiceApiAuto.test.dashboard.ChangeChartStatus - eyJlbmMiOiJBMTI4Q0JDLUhTMjU2IiwiYWxnIjoiZGlyIn0..SPjh1221mnDtXNnwl9h4Jg.vga72U0Q8e1TCsTid1Jtp8UGr_ZiMJl49jmedYT1UegIaF7Rsff5tmAvOjE3FW1S7QBDqeh_higePoWjWg8GWYoXJfXm2nTO4kZhuLWqreE.C_Rw-U76bD8CloPnPVdsfg
11:58:13.097 [main] INFO  practiceApiAuto.test.dashboard.ChangeChartStatus - *****Login Test Started*****
11:58:14.193 [main] INFO  practiceApiAuto.test.dashboard.ChangeChartStatus - *****Login Test Completed*****
11:58:14.193 [main] INFO  practiceApiAuto.test.dashboard.ChangeChartStatus - eyJlbmMiOiJBMTI4Q0JDLUhTMjU2IiwiYWxnIjoiZGlyIn0..HV_SRXX6nUvnVbKXrVYTuQ.tZ93XyTM6c55h--xuzJ-mh-l0gTyV853MugAoN4CyNQK8rOfralRff2o15ghalkOdUJk8nOErzX2rqJHs4Qz7vYShW9q7cWdGjnvWdk5MD0.5HxUSTjNRieNcTLW0_lZKg
11:59:28.120 [main] INFO  practiceApiAuto.test.dashboard.ChangeChartStatus - *****Login Test Started*****
11:59:29.240 [main] INFO  practiceApiAuto.test.dashboard.ChangeChartStatus - *****Login Test Completed*****
11:59:29.240 [main] INFO  practiceApiAuto.test.dashboard.ChangeChartStatus - eyJlbmMiOiJBMTI4Q0JDLUhTMjU2IiwiYWxnIjoiZGlyIn0..YL1tD50ymk6DC-iYt3klNQ.o-RRoFPopdjZNSPi1UGz2YazChj6z_AGv41AwQvmDdp-Tkv7zq3swKxpjovRZHmZoqUXZVwwGedrDKSlLUZmh04w96CMmNLvF3BulIvkd8E.47EPeQ5Ou3F4QR4DE-kDgw
12:02:24.100 [main] INFO  practiceApiAuto.test.dashboard.ChangeChartStatus - *****Login Test Started*****
12:02:25.178 [main] INFO  practiceApiAuto.test.dashboard.ChangeChartStatus - *****Login Test Completed*****
12:02:25.179 [main] INFO  practiceApiAuto.test.dashboard.ChangeChartStatus - eyJlbmMiOiJBMTI4Q0JDLUhTMjU2IiwiYWxnIjoiZGlyIn0..APh76g44g2g_EaRlja81cQ.0vzdqjVWTkAjKOA4RaEn9MPbYbRrb3PikVAF57ZyOaugdq9s-xTUY88IXq62DoLgtbQxTkdqcTEkCX2NOtrVukOzyla46kTZPL0YbHsX5sw.X6A2Z9Kri9NxnpuZgkNCVw
12:03:02.737 [main] INFO  practiceApiAuto.test.dashboard.ChangeChartStatus - *****Login Test Started*****
12:03:03.823 [main] INFO  practiceApiAuto.test.dashboard.ChangeChartStatus - *****Login Test Completed*****
12:03:03.823 [main] INFO  practiceApiAuto.test.dashboard.ChangeChartStatus - eyJlbmMiOiJBMTI4Q0JDLUhTMjU2IiwiYWxnIjoiZGlyIn0..D2pHj6ZWh7x8lYgd4tE1vA.4U6hHbzGK7ZitC14p6Z-o56V9lkUwo4dK3--oSqneG7X0b6aSYxKfpGf6qGqfGCYjfWkrx_lEZzrqRgKNTrZNABDhZdJANRwSByWnDd5hpI.pgnZKepKBtmTkyrmrjkU9Q
12:03:23.680 [main] INFO  practiceApiAuto.test.dashboard.ChangeChartStatus - *****Login Test Started*****
12:03:24.884 [main] INFO  practiceApiAuto.test.dashboard.ChangeChartStatus - *****Login Test Completed*****
12:03:24.884 [main] INFO  practiceApiAuto.test.dashboard.ChangeChartStatus - eyJlbmMiOiJBMTI4Q0JDLUhTMjU2IiwiYWxnIjoiZGlyIn0..lY2OEgxwBef4f5ZFuyBbBg.TkI-vOtP-gTPsfAfGM0pBI22hb_vmt9JW2FI9IFj1DkeepleqY7IwRqK5adLZUGnG45dKbZz-DDXeko_SY9Q0BgO72Wu-gsBost9LG9e4l4.OKN7j-qQv8r9sqd3lCx2kg
12:04:40.571 [main] INFO  practiceApiAuto.test.dashboard.ChangeChartStatus - *****Login Test Started*****
12:04:41.715 [main] INFO  practiceApiAuto.test.dashboard.ChangeChartStatus - *****Login Test Completed*****
12:04:41.715 [main] INFO  practiceApiAuto.test.dashboard.ChangeChartStatus - eyJlbmMiOiJBMTI4Q0JDLUhTMjU2IiwiYWxnIjoiZGlyIn0..bEqGwvE7GCIxme5SWjEwqw.Fa3Zca2d_Y36SurvcCiyC193hKY06IMe99qS8dav96b-XptR6y9Unu6ial0rzAK7Vgn-nvdXYLjdyUcZdW2FfuxAplL3HEcSSTYVST_Hs8c.K61MDFKkvSS5nSIfYCoXoQ
12:07:01.969 [main] INFO  practiceApiAuto.test.dashboard.ChangeChartStatus - *****Login Test Started*****
12:07:03.266 [main] INFO  practiceApiAuto.test.dashboard.ChangeChartStatus - *****Login Test Completed*****
12:07:03.266 [main] INFO  practiceApiAuto.test.dashboard.ChangeChartStatus - eyJlbmMiOiJBMTI4Q0JDLUhTMjU2IiwiYWxnIjoiZGlyIn0..3MpjZUB08aEDXR82ACuvrQ.gaXLvxKiEhlWa3ATTJUvCMk-y4wlXQ_3Klw-cKumf_NJNOyo5b8Ayi9iT8qj-piRb0ROZxQqpg6YRAzSve31KUK6BJIyIzl6FgPlmUbD40U.2IKKbxZLJufxinN4CzP9Hw
12:10:29.092 [main] INFO  practiceApiAuto.test.dashboard.ChangeChartStatus - *****Login Test Started*****
12:10:30.304 [main] INFO  practiceApiAuto.test.dashboard.ChangeChartStatus - *****Login Test Completed*****
12:10:30.304 [main] INFO  practiceApiAuto.test.dashboard.ChangeChartStatus - eyJlbmMiOiJBMTI4Q0JDLUhTMjU2IiwiYWxnIjoiZGlyIn0..VtfLEmaTcD-JE6BjOfuMVg.TtqoGHEyLG8fDsKgBkEJYya2XBSDQkPnuOKgogBkK-UX7L2Xp_8sjsyPgyFAyr2YBcJQtjUW2v1YOJEnG86gXworYMvdRDKmlxe0EWxD2fg.1s9Oo07cgl0dyeRzATqm_A
12:18:06.049 [main] INFO  practiceApiAuto.test.dashboard.ChangeChartStatus - *****Login Test Started*****
12:18:07.193 [main] INFO  practiceApiAuto.test.dashboard.ChangeChartStatus - *****Login Test Completed*****
12:18:07.193 [main] INFO  practiceApiAuto.test.dashboard.ChangeChartStatus - eyJlbmMiOiJBMTI4Q0JDLUhTMjU2IiwiYWxnIjoiZGlyIn0..59yLFAs8bRZGR58sG5Tuzw.jxfSXlGBg9dPuM_BSucBV23GkPrY2E--to0N18LZcDtisu6jRUN3a7xBHPtO-HAZJuLnkG_PHXF3hNgwEsA_yTBhKMmHrdenV27CkWHjGcY.8bMKAmIeUcY1zsDgCTNM-A
12:19:16.727 [main] INFO  practiceApiAuto.test.dashboard.ChangeChartStatus - *****Login Test Started*****
12:19:17.785 [main] INFO  practiceApiAuto.test.dashboard.ChangeChartStatus - *****Login Test Completed*****
12:19:17.785 [main] INFO  practiceApiAuto.test.dashboard.ChangeChartStatus - eyJlbmMiOiJBMTI4Q0JDLUhTMjU2IiwiYWxnIjoiZGlyIn0..dJwGBEhfbezKpKgl9AycJQ.XRSFK55LdAumdnXKS3pzQXGOpNHO2VDFH7RdXvkSQ48j3scNEJs9TM6NewwA5oMNfVHsdRqgVS48TwjlfLLKsYInWvQXvfUnz_Vx-n2fqNg.YohlsZftuJ_qQ-o9T1725g
12:20:58.591 [main] INFO  practiceApiAuto.test.dashboard.ChangeChartStatus - *****Login Test Started*****
12:20:59.801 [main] INFO  practiceApiAuto.test.dashboard.ChangeChartStatus - *****Login Test Completed*****
12:20:59.802 [main] INFO  practiceApiAuto.test.dashboard.ChangeChartStatus - eyJlbmMiOiJBMTI4Q0JDLUhTMjU2IiwiYWxnIjoiZGlyIn0..Ivq0xftP-w2v7ficC04DEw.bY6-cO1QohU8QY7wUQd8XvR9CT0GPcMont4M0MnLrZ3SEcL3V9pfrpgEZkoDHEXGvTZkcUHGJaSUjd3dTb6cUE1hvWmrmDSduSO6nTZIcyU.udEHbBgyfJEiKjYw_Nx_nA
18:04:40.015 [main] INFO  practiceApiAuto.test.dashboard.ChangeChartStatus - *****Login Test Started*****
18:04:41.242 [main] INFO  practiceApiAuto.test.dashboard.ChangeChartStatus - *****Login Test Completed*****
18:04:41.242 [main] INFO  practiceApiAuto.test.dashboard.ChangeChartStatus - eyJlbmMiOiJBMTI4Q0JDLUhTMjU2IiwiYWxnIjoiZGlyIn0..W9YT4HvC5HniRgUcY5y1Ow.ZxWuDsl8qWFE5znUktD523qtlRlWiKc2VbRWGJu8qHh92G2DA6xFat6fYV7CqG2QQ-ppigzt4GESy2rFmkHMxYKMmY6nfwkdfUlmTNpp_HI.5ZUZWeeNoTnRZBCuo9BJMg
18:05:57.265 [main] INFO  practiceApiAuto.test.dashboard.ChangeChartStatus - *****Login Test Started*****
18:05:58.351 [main] INFO  practiceApiAuto.test.dashboard.ChangeChartStatus - *****Login Test Completed*****
18:05:58.352 [main] INFO  practiceApiAuto.test.dashboard.ChangeChartStatus - eyJlbmMiOiJBMTI4Q0JDLUhTMjU2IiwiYWxnIjoiZGlyIn0..ErExFuqC7tkdiLLov3Xvgw.IaB67yAFM64IXtkNRC8AtPRP3gJFN4MHkf3YDnjvvY6Y7568mrlLc5SvYQpznD27vB5MsUSYLiIUDA3Sf0iaxJSvN1MnRFDdthPSSCapgQc.lPy2JvGJQ38tKb6VBPyfaA
18:50:53.756 [main] INFO  practiceApiAuto.test.dashboard.ChartEnums - *****Login Test Started*****
18:51:53.166 [main] INFO  practiceApiAuto.test.dashboard.ChartEnums - *****Login Test Started*****
18:53:19.482 [main] INFO  practiceApiAuto.test.dashboard.ChartEnums - *****Login Test Started*****
18:53:20.573 [main] INFO  practiceApiAuto.test.dashboard.ChartEnums - *****Login Test Completed*****
18:53:20.573 [main] INFO  practiceApiAuto.test.dashboard.ChartEnums - eyJlbmMiOiJBMTI4Q0JDLUhTMjU2IiwiYWxnIjoiZGlyIn0..6v0dbmRcD8ojRQfdv46DsA.HBYCLGtCMfKMJ1CeBy7GXkw4FtUisEGptu6QUUWRcpolyLMAvF7CQbY7FIqtwrJgj3Bp1ooUpusIXGB8aGB1hEuyeMLrnql8a6lX8FGXwPo.QW5fFGntbNrZ39uYG3nc9w
18:57:33.942 [main] INFO  practiceApiAuto.test.dashboard.ChartEnums - *****Login Test Started*****
18:57:35.009 [main] INFO  practiceApiAuto.test.dashboard.ChartEnums - *****Login Test Completed*****
18:57:35.009 [main] INFO  practiceApiAuto.test.dashboard.ChartEnums - eyJlbmMiOiJBMTI4Q0JDLUhTMjU2IiwiYWxnIjoiZGlyIn0..8LQtGzz1I4ZI6JDk66ff1A.MzhSQEIU6vwJySRd5TSRI8iqGkDWDMTq1RSOlt481OLg8HKixyEuuSxWi_KgwiLjU4wGh8AZI18ROyfEH-kVG_Jfp7gFp7EwJJMdTxchubU.H9cgBu5iSdA5o3sc-jGF2A
09:58:12.085 [main] INFO  practiceApiAuto.test.dashboard.ChartEnums - *****Login Test Started*****
09:58:13.227 [main] INFO  practiceApiAuto.test.dashboard.ChartEnums - *****Login Test Completed*****
09:58:13.227 [main] INFO  practiceApiAuto.test.dashboard.ChartEnums - eyJlbmMiOiJBMTI4Q0JDLUhTMjU2IiwiYWxnIjoiZGlyIn0..sRkGyxrsk8HcdYftyRAHbg.imyfcTz0mTZEU-Os0po2OdTOl6NmjktjClenlnM7cuUiP6k0PGBQ-ik834DMpT2rAplBm4AfZLWjBzV4gn_JTnQWOuGK3wH-bLiv8illoWk.m7eIrlKQCdG7AT9K3l4ZHA
10:00:57.580 [main] INFO  practiceApiAuto.test.dashboard.ChartEnums - *****Login Test Started*****
10:00:58.658 [main] INFO  practiceApiAuto.test.dashboard.ChartEnums - *****Login Test Completed*****
10:00:58.658 [main] INFO  practiceApiAuto.test.dashboard.ChartEnums - eyJlbmMiOiJBMTI4Q0JDLUhTMjU2IiwiYWxnIjoiZGlyIn0..S4bqxS2vkRPTO10rqww4yw.Q5Z_SSbjpWML6Ll4pZNrscLS8CUsA6XpiMU2A5wrglIDoOSa9yXvGe5npSFfRh2IylRZE7d2mosrgnZv6cvinA2yhqqIf7Q-wW2ArRQizEI.m8jBtG0GdulzA52YNU65sQ
11:08:41.240 [main] INFO  practiceApiAuto.test.dashboard.ChangeChartStatus - *****Login Test Started*****
11:08:42.439 [main] INFO  practiceApiAuto.test.dashboard.ChangeChartStatus - *****Login Test Completed*****
11:08:42.439 [main] INFO  practiceApiAuto.test.dashboard.ChangeChartStatus - eyJlbmMiOiJBMTI4Q0JDLUhTMjU2IiwiYWxnIjoiZGlyIn0..EEN-G6NdoRNXliSSzuYcdQ.AteXPW3h4gDDYbI3IR4wpDJzwqIYd7LBeWVcKTY-eZ_Y9wniSNO6R7B0Pbi97xiJcDoxgWYHm-OwDidPi6nG4orQitGWzctFQhJyWhOAWQA.rVmhtbPYIqUekxuXzf7-jg
11:09:03.484 [main] INFO  practiceApiAuto.test.dashboard.ChangeChartStatus - *****Login Test Started*****
11:09:04.790 [main] INFO  practiceApiAuto.test.dashboard.ChangeChartStatus - *****Login Test Completed*****
11:09:04.790 [main] INFO  practiceApiAuto.test.dashboard.ChangeChartStatus - eyJlbmMiOiJBMTI4Q0JDLUhTMjU2IiwiYWxnIjoiZGlyIn0..tN9G55cc-hmzbVHsUUWbmA.utiwzZ3nQyekSlDv4vjeVYbuigfjviKgy3vC_iaqIFqVBd6ch_w9Gg4mIny8pB-Bq30Uhy0zfSezGBe7gjPNYs84LWquwCDf7Gxf1y16KRE.CrTClhkEtxawFWS18f4HbQ
11:09:19.628 [main] INFO  practiceApiAuto.test.dashboard.ChangeChartStatus - *****Login Test Started*****
11:09:20.915 [main] INFO  practiceApiAuto.test.dashboard.ChangeChartStatus - *****Login Test Completed*****
11:09:20.915 [main] INFO  practiceApiAuto.test.dashboard.ChangeChartStatus - eyJlbmMiOiJBMTI4Q0JDLUhTMjU2IiwiYWxnIjoiZGlyIn0..BtwRJ10cV_RLT3B7w3u3yw.SMkvfNlxqU-n55aoF0KInZA9hNwj8TXbAZ-goHXoqAa4pXlJIDfT23uMt0WbBV_VZIXuLqOQzZl8IgdFug4xTSf2hSafFSOcNDYsO4OPIHE.nwqk4Mda91aMeSACxOySUg
11:13:12.282 [main] INFO  practiceApiAuto.test.dashboard.ChangeChartStatus - *****Login Test Started*****
11:13:13.423 [main] INFO  practiceApiAuto.test.dashboard.ChangeChartStatus - *****Login Test Completed*****
11:13:13.424 [main] INFO  practiceApiAuto.test.dashboard.ChangeChartStatus - eyJlbmMiOiJBMTI4Q0JDLUhTMjU2IiwiYWxnIjoiZGlyIn0..MsOCN4AlxAB2yjEWoYNEWQ.YXRQ80H2I7abcPbqde3N2LG4O-LUuUd77PydzeO8LOH5r_gX7gCpkcNfE7AvWQkI2S6OrT59VrpBXt9ooYpYDhej9Fned6M4bHqx1pNOLeQ.CvNpHjB1MRSZBaLP2tCeJg
11:14:49.220 [main] INFO  practiceApiAuto.test.dashboard.ChangeChartStatus - *****Login Test Started*****
11:14:50.403 [main] INFO  practiceApiAuto.test.dashboard.ChangeChartStatus - *****Login Test Completed*****
11:14:50.403 [main] INFO  practiceApiAuto.test.dashboard.ChangeChartStatus - eyJlbmMiOiJBMTI4Q0JDLUhTMjU2IiwiYWxnIjoiZGlyIn0..kHPdBOTMdxUcWM2i36qPYg.K_HzPSMI8lJiu_dP25Yrjz9Hn3nQojO6Zgsb3mW-Rwqb6_C7JkE28CRYbQKm_aOdl_Z0fr9ivG2buqsNau1BFELxOy48yC3Lg8JzNbjFCUM.jg6C5z15pPtzdT2Hh6NRbA
11:25:11.503 [main] INFO  practiceApiAuto.test.dashboard.ChangeChartStatus - *****Login Test Started*****
11:25:12.696 [main] INFO  practiceApiAuto.test.dashboard.ChangeChartStatus - *****Login Test Completed*****
11:25:12.697 [main] INFO  practiceApiAuto.test.dashboard.ChangeChartStatus - eyJlbmMiOiJBMTI4Q0JDLUhTMjU2IiwiYWxnIjoiZGlyIn0..cerKQkb9gIThuR2kIGHA8Q.6zhYoU7UGJLI1qhtVecX0sW42RRgUqiYTAGnuYpVWk0MiUQHxAFCZFg6L2ayXpyLz7Oj1J1l8u-ovLky50cRJDBwreHwBWg3DhOdVh7tOlU.H5rgarR8LECGScDx11Nacg
11:27:20.255 [main] INFO  practiceApiAuto.test.dashboard.ChangeChartStatus - *****Login Test Started*****
11:27:21.358 [main] INFO  practiceApiAuto.test.dashboard.ChangeChartStatus - *****Login Test Completed*****
11:27:21.358 [main] INFO  practiceApiAuto.test.dashboard.ChangeChartStatus - eyJlbmMiOiJBMTI4Q0JDLUhTMjU2IiwiYWxnIjoiZGlyIn0..N43XfXH2ZQGhsBcOBE4Ifw.dX33KFm4rT4QWXdwQt7w_N3r1siAEGeOsV1ZMKxJnDvO8S3B16eTvKjT5Mge1WuH_CfVogrMmPNjE0Pp6lMGMrneEaJYgdSRlc0khAES6zE._YBjZv3oDjhwgxWYLcGbyA
11:39:27.966 [main] INFO  practiceApiAuto.test.dashboard.ChangeChartStatus - *****Login Test Started*****
11:39:29.194 [main] INFO  practiceApiAuto.test.dashboard.ChangeChartStatus - *****Login Test Completed*****
11:39:29.194 [main] INFO  practiceApiAuto.test.dashboard.ChangeChartStatus - eyJlbmMiOiJBMTI4Q0JDLUhTMjU2IiwiYWxnIjoiZGlyIn0..lDBtctH-tTd3S73cWNE24w.D_6XiICbOd1XRy3MLcviTFhYnXGnZb3ZGYqMcpaZq_Z_QslT7iY_pnFjpmPVe7nWSIHn50T8pvHGTpCUECPWe65mHKmplnAraDEz5iFYINk.HFqzEqhOTJCNxmGA19MpQA
11:48:12.994 [main] INFO  practiceApiAuto.test.dashboard.ChangeChartStatus - *****Login Test Started*****
11:48:14.145 [main] INFO  practiceApiAuto.test.dashboard.ChangeChartStatus - *****Login Test Completed*****
11:48:14.145 [main] INFO  practiceApiAuto.test.dashboard.ChangeChartStatus - eyJlbmMiOiJBMTI4Q0JDLUhTMjU2IiwiYWxnIjoiZGlyIn0..HCQEAZtxWjsMuy9zvig21Q.Lk5OPvQMA9veMdd4dWLO6vf4v2StDTboVahhCnB0UWl68VImwA1GyrOop1JuDtJFCnrkBRwTE-I3NpbhUeifgHuX_xWJR4-L28eMTxS6mPs.yq6mbbPFXUHWQVPyTJLE6w
11:48:51.418 [main] INFO  practiceApiAuto.test.dashboard.ChangeChartStatus - *****Login Test Started*****
11:48:52.550 [main] INFO  practiceApiAuto.test.dashboard.ChangeChartStatus - *****Login Test Completed*****
11:48:52.550 [main] INFO  practiceApiAuto.test.dashboard.ChangeChartStatus - eyJlbmMiOiJBMTI4Q0JDLUhTMjU2IiwiYWxnIjoiZGlyIn0..8zN6nTFyXcnnrDoW3XWTPA.0c0UqTet7qB_QG4Zf0Uo6829jaY0JWERwXsgWiPwCZUKjKmVcyg5xNzeKZ9CF5R4WKLEYv0Ky0HQfUS6lPQmw0Lw9B2WGk8abdvJCUxzsIM.ljays5SmJE0ojz72QCQaFg
11:50:21.185 [main] INFO  practiceApiAuto.test.dashboard.ChangeChartStatus - *****Login Test Started*****
11:50:22.438 [main] INFO  practiceApiAuto.test.dashboard.ChangeChartStatus - *****Login Test Completed*****
11:50:22.438 [main] INFO  practiceApiAuto.test.dashboard.ChangeChartStatus - eyJlbmMiOiJBMTI4Q0JDLUhTMjU2IiwiYWxnIjoiZGlyIn0..ADdUNtkp4AjODpYrpJ7FaQ.u4VGAR3kssGOWFDLFNhWJ5z97hPJdqXL1Ic4L0xroCDIfnEVt3xwf8bguliA4bEiHWuNvWGmbXKI5Edc7-B07s2wrEtJTYADIoUJicDMo5o.AVlymaiQiu7Pb4KeggcEmQ
11:55:35.587 [main] INFO  practiceApiAuto.test.dashboard.ChangeChartStatus - *****Login Test Started*****
11:55:36.691 [main] INFO  practiceApiAuto.test.dashboard.ChangeChartStatus - *****Login Test Completed*****
11:55:36.691 [main] INFO  practiceApiAuto.test.dashboard.ChangeChartStatus - eyJlbmMiOiJBMTI4Q0JDLUhTMjU2IiwiYWxnIjoiZGlyIn0..9LFrpnWWqykNPqQakc6LBg.p8bU8zmaP7vZraySZjSO0kkI8QhbByQx3JQJiMt_s0-pXXfsD2jTHUVUFp7malTJmxpYgSlpb7juMq2nFkZO3b1hq7128uBWdlyjP4jdAs4.HDuLsPa_sY0vJVnMrQCkXg
11:55:42.119 [main] INFO  practiceApiAuto.test.dashboard.ChangeChartStatus - *****Login Test Started*****
11:55:43.426 [main] INFO  practiceApiAuto.test.dashboard.ChangeChartStatus - *****Login Test Completed*****
11:55:43.426 [main] INFO  practiceApiAuto.test.dashboard.ChangeChartStatus - eyJlbmMiOiJBMTI4Q0JDLUhTMjU2IiwiYWxnIjoiZGlyIn0.._BoEbYPlIA5HRdCcDuPguQ.kddhWtvvoKAnAg6SLFAKXn2OcVBsdWOP7dc91RJNR44Y33n_lxi_MV2LwwoQxyesmhjl7v5Gjf2uA2WVHZLMmFMl0rKXLOzRkr1cGr5FehI.blXS6HqkPF2RaFdxKm_LLw
11:56:52.979 [main] INFO  practiceApiAuto.test.dashboard.ChangeChartStatus - *****Login Test Started*****
11:56:54.290 [main] INFO  practiceApiAuto.test.dashboard.ChangeChartStatus - *****Login Test Completed*****
11:56:54.290 [main] INFO  practiceApiAuto.test.dashboard.ChangeChartStatus - eyJlbmMiOiJBMTI4Q0JDLUhTMjU2IiwiYWxnIjoiZGlyIn0..u5eyVFdz-puz91toKsMVpg.JQU7yMIOjKgPwM8uGkhrXIqrNASoQYlMl0kPkgqNf6rlBm9PfV4MPO7GsWtkycSDz0_bzgckZu3DqhmXByyPT1Q5OwkssxcMyMbL3ZLEoiU.W0OmV7NMsF5BN7NEHO3BQw
12:36:27.623 [main] INFO  practiceApiAuto.test.dashboard.CreateDashboardTest - *****Login Test Started*****
12:36:28.726 [main] INFO  practiceApiAuto.test.dashboard.CreateDashboardTest - *****Login Test Completed*****
12:36:28.726 [main] INFO  practiceApiAuto.test.dashboard.CreateDashboardTest - eyJlbmMiOiJBMTI4Q0JDLUhTMjU2IiwiYWxnIjoiZGlyIn0..X_AUMJqW9PHfxCdvrjARwQ.xCaq-N7rja3P34IMaVYFf78MGiQJoJCKg_ZHbv4yhePdoLKz0WQ8FVFiWuPorkee2OY2pWnC-vdQ31JxBOLo4slflvIatTEwVFgNsT9IGbE.7FXkKYNpFoLYXNsQCoFJ3A
12:40:28.120 [main] INFO  practiceApiAuto.test.dashboard.CreateDashboardTest - *****Login Test Started*****
12:40:29.256 [main] INFO  practiceApiAuto.test.dashboard.CreateDashboardTest - *****Login Test Completed*****
12:40:29.256 [main] INFO  practiceApiAuto.test.dashboard.CreateDashboardTest - eyJlbmMiOiJBMTI4Q0JDLUhTMjU2IiwiYWxnIjoiZGlyIn0..8s7g25tCyLmmR4P8Rl47zg.aA4_kZ3tczY0yTEHlGirbeSoQeftHupNU0ADWXI4FqeYahsySYrkhT_IuKXCnczv8gz8qasEH3MlwM0JOTUMRhc0X4CU6ylLpvP7jVFeNgE.KFTzmpW9hivQOCY0PWoF1Q
09:33:29.264 [main] INFO  practiceApiAuto.test.createUser.CreateUserTest - *****Login Test Started*****
09:33:30.450 [main] INFO  practiceApiAuto.test.createUser.CreateUserTest - *****Login Test Completed*****
09:33:30.450 [main] INFO  practiceApiAuto.test.createUser.CreateUserTest - eyJlbmMiOiJBMTI4Q0JDLUhTMjU2IiwiYWxnIjoiZGlyIn0..ndh2-rI5giNU4aTEjrlr_w.K1EBzzfREq_CiVUeqOm26PRgA1RghjTRwPUr7_h6iyocYMT7RSawcKtU39vZ_seG3xkNwYXMFXuQRUfcXqq4EgwyuEv-kV2YBP71UYEZLgg.8mT1YSiMCEOXeeNYlx3ylw
09:33:58.219 [main] INFO  practiceApiAuto.test.createUser.CreateUserTest - *****Login Test Started*****
09:33:59.535 [main] INFO  practiceApiAuto.test.createUser.CreateUserTest - *****Login Test Completed*****
09:33:59.536 [main] INFO  practiceApiAuto.test.createUser.CreateUserTest - eyJlbmMiOiJBMTI4Q0JDLUhTMjU2IiwiYWxnIjoiZGlyIn0..7F3LSN8dMp-1M9Ag5iPIFQ.WekM0EDI-xMSTqkA7nJpjifJSyjMpC4DDsxWMFOb9EMiIXD5qsOXBwVIbZ0FI5hJcKR68N_BCf4mmd08FAeumfMhWKvR684gr8OE1X8ky2E.HfpvnBGHNwHvULrlwiouAQ
09:34:10.799 [main] INFO  practiceApiAuto.test.createUser.TestGetUser - *****Login Test Started*****
09:34:11.875 [main] INFO  practiceApiAuto.test.createUser.TestGetUser - *****Login Test Completed*****
09:34:11.875 [main] INFO  practiceApiAuto.test.createUser.TestGetUser - eyJlbmMiOiJBMTI4Q0JDLUhTMjU2IiwiYWxnIjoiZGlyIn0..LVwT4f8zkmjCPa8AfJ0_ZQ.btDtSpiDwICF6P8szBzaDRk58KUWIf8rY6VTe0CKuKbEL-1rTwdBe8izR4XYGfLZ9O6C-79V16bGz44kUdzUwHJngMNleLeJ7kXUUc54_JY.kLUhy6A7MtSXH_x4osyRYw
09:34:38.489 [main] INFO  practiceApiAuto.test.createUser.TestGetUser - *****Login Test Started*****
09:34:39.640 [main] INFO  practiceApiAuto.test.createUser.TestGetUser - *****Login Test Completed*****
09:34:39.640 [main] INFO  practiceApiAuto.test.createUser.TestGetUser - eyJlbmMiOiJBMTI4Q0JDLUhTMjU2IiwiYWxnIjoiZGlyIn0..8fbyrR1uBVsdOo91zk4P3g.yerI_SUimNw1bWJQ8BUkd-BFguFiu3MZGagCeM36LCZkhu7LgOQXcKIXOezMpN8l1YP2WQEMnqDV7d9nsX_0qfRuWc-R6y9zcWV3C6oCE6M.vUK7ph55T4UmSKgYe4DLKg
09:35:19.386 [main] INFO  practiceApiAuto.test.createUser.CreateUserTest - *****Login Test Started*****
09:35:20.488 [main] INFO  practiceApiAuto.test.createUser.CreateUserTest - *****Login Test Completed*****
09:35:20.488 [main] INFO  practiceApiAuto.test.createUser.CreateUserTest - eyJlbmMiOiJBMTI4Q0JDLUhTMjU2IiwiYWxnIjoiZGlyIn0..t2yc5gHfEAJSLoNO-3leog.dESLirw9eyhTTArfr4PaRwfGKxnPFEvuEZqgNa6ItFE97NLZAcW_VdK4IHV47_4SXBr1bwQjJhzivbNh9edS0lBSO78hISdsMeom8_IEd-4.R497F7tX_shCzipZJtxRaw
09:35:36.070 [main] INFO  practiceApiAuto.test.createUser.CreateUserTest - *****Login Test Started*****
09:35:37.150 [main] INFO  practiceApiAuto.test.createUser.CreateUserTest - *****Login Test Completed*****
09:35:37.151 [main] INFO  practiceApiAuto.test.createUser.CreateUserTest - eyJlbmMiOiJBMTI4Q0JDLUhTMjU2IiwiYWxnIjoiZGlyIn0..i6R3o2047RdbS6-QPS19fQ.NZ0vpPdnyzGS3RyDiykxP1rVbnDaWalJMZUj2SqffJwubIx995yRoQk8fEbMEDA9yWeW0SbK1m1MedWfNWFkI7uXYMRq5aUg2YZvmtMuSIo.MawjZornvwp-p71SPIWWTA
09:35:58.193 [main] INFO  practiceApiAuto.test.createUser.CreateUserTest - *****Login Test Started*****
09:35:59.408 [main] INFO  practiceApiAuto.test.createUser.CreateUserTest - *****Login Test Completed*****
09:35:59.408 [main] INFO  practiceApiAuto.test.createUser.CreateUserTest - eyJlbmMiOiJBMTI4Q0JDLUhTMjU2IiwiYWxnIjoiZGlyIn0..WfIuSNsd4W35l8uEPbOaOQ.CeeYIbMpLtZPZOyCpmKcxVtm8EV9vBvJAR-nuJxqCecTtyPCrvdtYoLxu-22aWTB_7Pog0hotFmtiiSu_ffYSBIltLknf8Dz1PygjhNz2jg.miDY09siLjgdXvv_TxQiqg
09:36:32.054 [main] INFO  practiceApiAuto.test.createUser.CreateUserTest - *****Login Test Started*****
09:36:33.228 [main] INFO  practiceApiAuto.test.createUser.CreateUserTest - *****Login Test Completed*****
09:36:33.228 [main] INFO  practiceApiAuto.test.createUser.CreateUserTest - eyJlbmMiOiJBMTI4Q0JDLUhTMjU2IiwiYWxnIjoiZGlyIn0..yDNlGUweeTiRkfvDGNdUcw.xkjyw7Stknmi2w6iI0T2Y8itvWcQofknqYXFdoNgIrugk445QMD55OCJNjGjAfKq5GQGtZyphjBrjf2EjDOWNUFDzRYbPlBvASb9iLcfF0U.zO8YuMh0qs4Gc099K6QAKQ
11:15:13.875 [main] INFO  practiceApiAuto.test.dashboard.ChartEnums - *****Login Test Started*****
11:15:15.129 [main] INFO  practiceApiAuto.test.dashboard.ChartEnums - *****Login Test Completed*****
11:15:15.129 [main] INFO  practiceApiAuto.test.dashboard.ChartEnums - eyJlbmMiOiJBMTI4Q0JDLUhTMjU2IiwiYWxnIjoiZGlyIn0..BXtAmG00o7n8shriKOKQwA.2xronuvlCEJcdzjejKfcj76fa75xXtsapFV7dyWrmuJKK4b8AdWtERg4nXr7I637vbZuWe2b-AcrMBsFlUKUGzVwS8kTdMi4pcm255Ji3xI.094zFg-5d5M-wXRvqyd0bw
11:18:17.396 [main] INFO  practiceApiAuto.test.dashboard.ChartEnums - *****Login Test Started*****
11:18:18.676 [main] INFO  practiceApiAuto.test.dashboard.ChartEnums - *****Login Test Completed*****
11:18:18.676 [main] INFO  practiceApiAuto.test.dashboard.ChartEnums - eyJlbmMiOiJBMTI4Q0JDLUhTMjU2IiwiYWxnIjoiZGlyIn0..xtoMchNzXUZFe35I5LtwRg.7rPr9z0t2Da2X_OUlPYCNdrSSthNg21BeIqf3EFxilOVtFY6LhOf9iZlmI8iK3qjBNRW7p7IE6BDVH9UGC16ZiYcSHG6AZB-tg1cnAhZY50.NV8mSaPgF_nKBjFsqZxS2g
11:19:37.455 [main] INFO  practiceApiAuto.test.createUser.CreateUserTest - *****Login Test Started*****
11:19:38.698 [main] INFO  practiceApiAuto.test.createUser.CreateUserTest - *****Login Test Completed*****
11:19:38.698 [main] INFO  practiceApiAuto.test.createUser.CreateUserTest - eyJlbmMiOiJBMTI4Q0JDLUhTMjU2IiwiYWxnIjoiZGlyIn0..ZcoZOHzgEaz-o8L0TOa_1g.KSshe7vjZNoo7kUMvW38z_ZvouX6PFhv8T9w3gmtqtzX87bqYmDGguI92ZLCcWfkryT7_4evpj_sfGJU8L3gAhaTYuLeAN6Jr8-mKNlS4Co.uP63Z3SVZgvwzJPFFaEsDA
11:20:17.440 [main] INFO  practiceApiAuto.test.createUser.CreateUserTest - *****Login Test Started*****
11:20:18.727 [main] INFO  practiceApiAuto.test.createUser.CreateUserTest - *****Login Test Completed*****
11:20:18.728 [main] INFO  practiceApiAuto.test.createUser.CreateUserTest - eyJlbmMiOiJBMTI4Q0JDLUhTMjU2IiwiYWxnIjoiZGlyIn0..akOd72f2R0FWxHYXMv5cOQ.joagurmPTFVycPpkC9bVamnaIyrvS8BSS25hV5x2_z7PoxyYPDw30Nmx_wnC3s-nI20lW1Zd8tGPMd7oFMXU33IkqUM3skM317QysKBsTVE.qWrSBjk8x2zjNZGdVyT-3A
11:20:42.066 [main] INFO  practiceApiAuto.test.dashboard.ChartEnums - *****Login Test Started*****
11:20:43.316 [main] INFO  practiceApiAuto.test.dashboard.ChartEnums - *****Login Test Completed*****
11:20:43.317 [main] INFO  practiceApiAuto.test.dashboard.ChartEnums - eyJlbmMiOiJBMTI4Q0JDLUhTMjU2IiwiYWxnIjoiZGlyIn0..Q373DScdhhLH6lvHC_A5sQ.t5_czlVPl2Ct-SyNPXlPcflNAq2WELPglPl9suNZN7JGonVlCqfJxqhMVW5jY-BqkS85Jks8oLWjap6qHykKp7qyBHktlUrUNYR8pA-Esqk.l7DXPI0ZsfdzR1zAqQPnOg
11:21:25.287 [main] INFO  practiceApiAuto.test.dashboard.ChartEnums - *****Login Test Started*****
11:21:26.534 [main] INFO  practiceApiAuto.test.dashboard.ChartEnums - *****Login Test Completed*****
11:21:26.534 [main] INFO  practiceApiAuto.test.dashboard.ChartEnums - eyJlbmMiOiJBMTI4Q0JDLUhTMjU2IiwiYWxnIjoiZGlyIn0..rhFGzMrPhYQzEN074PJD5Q.JlNElBAEUByfVzgowzMGrftv_oMpQrtIZHM5k9Wxdiq-Cz7K_R-rtflU1Ud1c2ZLFwBfba8aER5T5D02ZAhR_kDe6kmsu0R9-O2_Qi3PNMI.TTc_oPWMKzcU9FCVN8Elcg
11:22:29.155 [main] INFO  practiceApiAuto.test.dashboard.ChartEnums - *****Login Test Started*****
11:22:30.420 [main] INFO  practiceApiAuto.test.dashboard.ChartEnums - *****Login Test Completed*****
11:22:30.420 [main] INFO  practiceApiAuto.test.dashboard.ChartEnums - eyJlbmMiOiJBMTI4Q0JDLUhTMjU2IiwiYWxnIjoiZGlyIn0..pDrE-sqwYjIWIYOy7d1beQ.JTXAsWS59sySAEeI3fN_TCdRVXXPLYXxDOrKYKe_pgm_Twl19n1OqrK9YQdar5zxaplyuMp43EcGtHw-ib0TW2_YGnPshVuH0_QRM9FAN4Q.nTtSgmKFQ34la7FAukIdwA
11:23:28.056 [main] INFO  practiceApiAuto.test.dashboard.ChartEnums - *****Login Test Started*****
11:23:29.329 [main] INFO  practiceApiAuto.test.dashboard.ChartEnums - *****Login Test Completed*****
11:23:29.329 [main] INFO  practiceApiAuto.test.dashboard.ChartEnums - eyJlbmMiOiJBMTI4Q0JDLUhTMjU2IiwiYWxnIjoiZGlyIn0..ysKA3xfGr_G2L617vZ20ZQ.YaRXk2hacPu9l4TUhxOJjn6NCHIArzmkHBzAAuoDFUpNK2SOrbPShvC7uCWwdFIHAyNrJ-curQ6yXWVtBehJGt6qKiAaWRfqy7Y-9vN6vY0.G4zuar8pVBzdztdJyPbF3w
11:24:28.199 [main] INFO  practiceApiAuto.test.dashboard.ChartEnums - *****Login Test Started*****
11:24:29.494 [main] INFO  practiceApiAuto.test.dashboard.ChartEnums - *****Login Test Completed*****
11:24:29.494 [main] INFO  practiceApiAuto.test.dashboard.ChartEnums - eyJlbmMiOiJBMTI4Q0JDLUhTMjU2IiwiYWxnIjoiZGlyIn0..mv1yuKyzgTKb-PstFW-4mA.TRbIMO_tY9DPU7c3c6vgMhYPJ7FNyBC_4MDMDBqlwp9zfIsz55U9q6eB01dwHhzadSPUfWz0hHFi89mn76xLRx8A5N8Bjsj1p3IRGDfugds.aBs85xys5Jkw1sZbXtZxrA
